c:\users\daniel af\source\repos\database on c++\x64\debug\vc143.pdb
c:\users\daniel af\source\repos\database on c++\x64\debug\.netframework,version=v4.7.2.assemblyattributes.obj
c:\users\daniel af\source\repos\database on c++\x64\debug\song.obj
c:\users\daniel af\source\repos\database on c++\x64\debug\place.obj
c:\users\daniel af\source\repos\database on c++\x64\debug\member.obj
c:\users\daniel af\source\repos\database on c++\x64\debug\main.obj
c:\users\daniel af\source\repos\database on c++\x64\debug\label.obj
c:\users\daniel af\source\repos\database on c++\x64\debug\database.obj
c:\users\daniel af\source\repos\database on c++\x64\debug\concert.obj
c:\users\daniel af\source\repos\database on c++\x64\debug\band.obj
c:\users\daniel af\source\repos\database on c++\x64\debug\album.obj
c:\users\daniel af\source\repos\database on c++\x64\debug\database on c++.exe
c:\users\daniel af\source\repos\database on c++\x64\debug\database on c++.pdb
c:\users\daniel af\source\repos\database on c++\x64\debug\database on c++.exe.metagen
c:\users\daniel af\source\repos\database on c++\x64\debug\database on c++.tlog\cl.command.1.tlog
c:\users\daniel af\source\repos\database on c++\x64\debug\database on c++.tlog\cl.read.1.tlog
c:\users\daniel af\source\repos\database on c++\x64\debug\database on c++.tlog\cl.write.1.tlog
c:\users\daniel af\source\repos\database on c++\x64\debug\database on c++.tlog\link.command.1.tlog
c:\users\daniel af\source\repos\database on c++\x64\debug\database on c++.tlog\link.read.1.tlog
c:\users\daniel af\source\repos\database on c++\x64\debug\database on c++.tlog\link.write.1.tlog
c:\users\daniel af\source\repos\database on c++\x64\debug\database on c++.tlog\metagen.read.1.tlog
c:\users\daniel af\source\repos\database on c++\x64\debug\database on c++.tlog\metagen.write.1.tlog
